11:14:58.056 [main] INFO  org.testng.annotations.Test - show_ThirdCourses ended
11:14:58.421 [main] INFO  org.testng.annotations.Test - show_FourthCourses started
11:15:43.810 [main] INFO  org.testng.annotations.Test - show_FourthCourses ended
11:15:44.187 [main] INFO  org.testng.annotations.Test - show_FifthCourses started
11:16:30.584 [main] INFO  org.testng.annotations.Test - show_FifthCourses ended
11:16:30.939 [main] INFO  org.testng.annotations.Test - Enterprise started
11:16:53.088 [main] INFO  org.testng.annotations.Test - form started
11:17:04.312 [main] INFO  org.testng.annotations.Test - startfillingform started
11:17:15.366 [main] INFO  org.testng.annotations.Test - messageDisplay started
11:25:57.737 [main] INFO  org.testng.annotations.Test - check_survey_visibility started
11:26:01.498 [main] INFO  org.testng.annotations.Test - check_survey_visibility ended
11:26:01.862 [main] INFO  org.testng.annotations.Test - Verify_CourseraPage started
11:26:01.979 [main] INFO  org.testng.annotations.Test - Verify_CourseraPage ended
11:26:02.268 [main] INFO  org.testng.annotations.Test - verify_SearchIcon started
11:26:02.464 [main] INFO  org.testng.annotations.Test - verify_SearchIcon ended
11:26:02.937 [main] INFO  org.testng.annotations.Test - search_courses started
11:26:18.420 [main] INFO  org.testng.annotations.Test - search_courses ended
11:26:18.793 [main] INFO  org.testng.annotations.Test - select_levels started
11:26:19.344 [main] INFO  org.testng.annotations.Test - select_levels ended
11:26:19.585 [main] INFO  org.testng.annotations.Test - select_langs started
11:26:21.307 [main] INFO  org.testng.annotations.Test - select_langs ended
11:26:21.833 [main] INFO  org.testng.annotations.Test - course_name started
11:26:22.953 [main] INFO  org.testng.annotations.Test - course_name ended
11:26:23.255 [main] INFO  org.testng.annotations.Test - search_Language started
11:26:32.175 [main] INFO  org.testng.annotations.Test - search_Language ended
11:26:32.424 [main] INFO  org.testng.annotations.Test - show_FirstCourses started
11:27:44.432 [main] INFO  org.testng.annotations.Test - show_FirstCourses ended
11:27:44.819 [main] INFO  org.testng.annotations.Test - show_SecondCourses started
11:28:54.004 [main] INFO  org.testng.annotations.Test - show_SecondCourses ended
11:28:54.620 [main] INFO  org.testng.annotations.Test - show_ThirdCourses started
11:29:41.379 [main] INFO  org.testng.annotations.Test - show_ThirdCourses ended
11:29:41.752 [main] INFO  org.testng.annotations.Test - show_FourthCourses started
11:30:28.101 [main] INFO  org.testng.annotations.Test - show_FourthCourses ended
11:30:28.436 [main] INFO  org.testng.annotations.Test - show_FifthCourses started
11:31:15.392 [main] INFO  org.testng.annotations.Test - show_FifthCourses ended
11:31:15.812 [main] INFO  org.testng.annotations.Test - Enterprise started
11:32:09.525 [main] INFO  org.testng.annotations.Test - form started
11:32:31.544 [main] INFO  org.testng.annotations.Test - startfillingform started
11:32:39.693 [main] INFO  org.testng.annotations.Test - messageDisplay started
11:38:53.972 [main] INFO  org.testng.annotations.Test - check_survey_visibility started
11:38:54.918 [main] INFO  org.testng.annotations.Test - check_survey_visibility ended
11:38:55.454 [main] INFO  org.testng.annotations.Test - Verify_CourseraPage started
11:38:55.607 [main] INFO  org.testng.annotations.Test - Verify_CourseraPage ended
11:38:56.110 [main] INFO  org.testng.annotations.Test - verify_SearchIcon started
11:38:56.505 [main] INFO  org.testng.annotations.Test - verify_SearchIcon ended
11:38:56.934 [main] INFO  org.testng.annotations.Test - search_courses started
11:39:11.400 [main] INFO  org.testng.annotations.Test - search_courses ended
11:39:12.029 [main] INFO  org.testng.annotations.Test - select_levels started
11:39:14.801 [main] INFO  org.testng.annotations.Test - select_levels ended
11:39:15.127 [main] INFO  org.testng.annotations.Test - select_langs started
11:39:17.429 [main] INFO  org.testng.annotations.Test - select_langs ended
11:39:19.329 [main] INFO  org.testng.annotations.Test - course_name started
11:39:20.370 [main] INFO  org.testng.annotations.Test - course_name ended
11:39:20.670 [main] INFO  org.testng.annotations.Test - search_Language started
11:39:30.023 [main] INFO  org.testng.annotations.Test - search_Language ended
11:39:30.359 [main] INFO  org.testng.annotations.Test - show_FirstCourses started
11:40:43.417 [main] INFO  org.testng.annotations.Test - show_FirstCourses ended
11:40:43.668 [main] INFO  org.testng.annotations.Test - show_SecondCourses started
11:41:52.779 [main] INFO  org.testng.annotations.Test - show_SecondCourses ended
11:41:53.143 [main] INFO  org.testng.annotations.Test - show_ThirdCourses started
11:42:17.882 [main] INFO  org.testng.annotations.Test - show_FourthCourses started
11:43:08.244 [main] INFO  org.testng.annotations.Test - show_FourthCourses ended
