11:43:08.652 [main] INFO  org.testng.annotations.Test - show_FifthCourses started
11:43:57.551 [main] INFO  org.testng.annotations.Test - show_FifthCourses ended
11:43:58.001 [main] INFO  org.testng.annotations.Test - Enterprise started
11:44:26.511 [main] INFO  org.testng.annotations.Test - form started
11:44:38.354 [main] INFO  org.testng.annotations.Test - startfillingform started
11:44:49.387 [main] INFO  org.testng.annotations.Test - messageDisplay started
11:52:08.251 [main] INFO  org.testng.annotations.Test - check_survey_visibility started
11:52:09.526 [main] INFO  org.testng.annotations.Test - check_survey_visibility ended
11:52:10.329 [main] INFO  org.testng.annotations.Test - Verify_CourseraPage started
11:52:10.445 [main] INFO  org.testng.annotations.Test - Verify_CourseraPage ended
11:52:10.799 [main] INFO  org.testng.annotations.Test - verify_SearchIcon started
11:52:11.092 [main] INFO  org.testng.annotations.Test - verify_SearchIcon ended
11:52:11.453 [main] INFO  org.testng.annotations.Test - search_courses started
11:52:26.313 [main] INFO  org.testng.annotations.Test - search_courses ended
11:52:26.736 [main] INFO  org.testng.annotations.Test - select_levels started
11:52:27.466 [main] INFO  org.testng.annotations.Test - select_levels ended
11:52:27.755 [main] INFO  org.testng.annotations.Test - select_langs started
11:52:30.108 [main] INFO  org.testng.annotations.Test - select_langs ended
11:52:31.699 [main] INFO  org.testng.annotations.Test - course_name started
11:52:32.735 [main] INFO  org.testng.annotations.Test - course_name ended
11:52:33.141 [main] INFO  org.testng.annotations.Test - search_Language started
11:52:42.565 [main] INFO  org.testng.annotations.Test - search_Language ended
11:52:43.017 [main] INFO  org.testng.annotations.Test - show_FirstCourses started
11:53:56.671 [main] INFO  org.testng.annotations.Test - show_FirstCourses ended
11:53:57.152 [main] INFO  org.testng.annotations.Test - show_SecondCourses started
11:55:04.780 [main] INFO  org.testng.annotations.Test - show_SecondCourses ended
11:55:05.332 [main] INFO  org.testng.annotations.Test - show_ThirdCourses started
11:55:53.125 [main] INFO  org.testng.annotations.Test - show_ThirdCourses ended
11:55:53.705 [main] INFO  org.testng.annotations.Test - show_FourthCourses started
11:56:42.105 [main] INFO  org.testng.annotations.Test - show_FourthCourses ended
11:56:42.634 [main] INFO  org.testng.annotations.Test - show_FifthCourses started
11:57:31.908 [main] INFO  org.testng.annotations.Test - show_FifthCourses ended
11:57:32.411 [main] INFO  org.testng.annotations.Test - Enterprise started
11:58:18.164 [main] INFO  org.testng.annotations.Test - form started
11:58:28.720 [main] INFO  org.testng.annotations.Test - startfillingform started
11:58:38.762 [main] INFO  org.testng.annotations.Test - messageDisplay started
12:14:32.802 [main] INFO  org.testng.annotations.Test - check_survey_visibility started
12:14:33.705 [main] INFO  org.testng.annotations.Test - check_survey_visibility ended
12:14:34.406 [main] INFO  org.testng.annotations.Test - Verify_CourseraPage started
12:14:34.523 [main] INFO  org.testng.annotations.Test - Verify_CourseraPage ended
12:14:34.936 [main] INFO  org.testng.annotations.Test - verify_SearchIcon started
12:14:35.287 [main] INFO  org.testng.annotations.Test - verify_SearchIcon ended
12:14:35.720 [main] INFO  org.testng.annotations.Test - search_courses started
12:14:52.078 [main] INFO  org.testng.annotations.Test - search_courses ended
12:14:52.601 [main] INFO  org.testng.annotations.Test - select_levels started
12:14:53.785 [main] INFO  org.testng.annotations.Test - select_levels ended
12:14:54.218 [main] INFO  org.testng.annotations.Test - select_langs started
12:14:57.431 [main] INFO  org.testng.annotations.Test - select_langs ended
12:14:59.637 [main] INFO  org.testng.annotations.Test - course_name started
12:15:00.825 [main] INFO  org.testng.annotations.Test - course_name ended
12:15:01.327 [main] INFO  org.testng.annotations.Test - search_Language started
12:15:11.089 [main] INFO  org.testng.annotations.Test - search_Language ended
12:15:11.394 [main] INFO  org.testng.annotations.Test - show_FirstCourses started
12:16:31.166 [main] INFO  org.testng.annotations.Test - show_FirstCourses ended
12:16:31.487 [main] INFO  org.testng.annotations.Test - show_SecondCourses started
12:17:45.561 [main] INFO  org.testng.annotations.Test - show_SecondCourses ended
12:17:46.202 [main] INFO  org.testng.annotations.Test - show_ThirdCourses started
12:18:39.803 [main] INFO  org.testng.annotations.Test - show_ThirdCourses ended
12:18:40.378 [main] INFO  org.testng.annotations.Test - show_FourthCourses started
12:19:32.859 [main] INFO  org.testng.annotations.Test - show_FourthCourses ended
12:19:33.544 [main] INFO  org.testng.annotations.Test - show_FifthCourses started
12:20:24.708 [main] INFO  org.testng.annotations.Test - show_FifthCourses ended
